<?xml version="1.0" encoding="UTF-8"?>
<!-- Generated by org.testng.reporters.JUnitReportReporter -->
<testsuite hostname="DESKTOP-QNHJ5Q7" name="com.mystore.testcases.HomePageTest" tests="1" failures="0" timestamp="10 Jan 2023 03:25:21 GMT" time="30.835" errors="0">
  <testcase name="HomePageValidations" time="30.835" classname="com.mystore.testcases.HomePageTest"/>
</testsuite> <!-- com.mystore.testcases.HomePageTest -->
