<?xml version="1.0" encoding="UTF-8"?>
<!-- Generated by org.testng.reporters.JUnitReportReporter -->
<testsuite hostname="DESKTOP-QNHJ5Q7" name="com.mystore.testcases.LoginPageTest" tests="1" failures="0" timestamp="10 Jan 2023 03:25:21 GMT" time="8.257" errors="0">
  <testcase name="loginTest" time="8.257" classname="com.mystore.testcases.LoginPageTest"/>
</testsuite> <!-- com.mystore.testcases.LoginPageTest -->
