<?xml version="1.0" encoding="UTF-8"?>
<testsuite xmlns:xsi="http://www.w3.org/2001/XMLSchema-instance" xsi:noNamespaceSchemaLocation="https://maven.apache.org/surefire/maven-surefire-plugin/xsd/surefire-test-report-3.0.xsd" version="3.0" name="TestSuite" time="70.479" tests="4" errors="0" skipped="0" failures="0">
  <properties>
    <property name="sun.desktop" value="windows"/>
    <property name="awt.toolkit" value="sun.awt.windows.WToolkit"/>
    <property name="file.encoding.pkg" value="sun.io"/>
    <property name="java.specification.version" value="1.8"/>
    <property name="webdriver.chrome.driver" value="C:\Users\Student\.cache\selenium\chromedriver\win32\108.0.5359.71\chromedriver.exe"/>
    <property name="sun.cpu.isalist" value="amd64"/>
    <property name="sun.jnu.encoding" value="Cp1252"/>
    <property name="java.class.path" value="C:\Users\Student\Downloads\com.ibm.banking.batch2.selenium\com.ibm.banking.batch2.selenium\target\test-classes;C:\Users\Student\Downloads\com.ibm.banking.batch2.selenium\com.ibm.banking.batch2.selenium\target\classes;C:\Users\Student\.m2\repository\log4j\log4j\1.2.17\log4j-1.2.17.jar;C:\Users\Student\.m2\repository\org\seleniumhq\selenium\selenium-java\3.141.59\selenium-java-3.141.59.jar;C:\Users\Student\.m2\repository\org\seleniumhq\selenium\selenium-api\3.141.59\selenium-api-3.141.59.jar;C:\Users\Student\.m2\repository\org\seleniumhq\selenium\selenium-chrome-driver\3.141.59\selenium-chrome-driver-3.141.59.jar;C:\Users\Student\.m2\repository\org\seleniumhq\selenium\selenium-edge-driver\3.141.59\selenium-edge-driver-3.141.59.jar;C:\Users\Student\.m2\repository\org\seleniumhq\selenium\selenium-firefox-driver\3.141.59\selenium-firefox-driver-3.141.59.jar;C:\Users\Student\.m2\repository\org\seleniumhq\selenium\selenium-ie-driver\3.141.59\selenium-ie-driver-3.141.59.jar;C:\Users\Student\.m2\repository\org\seleniumhq\selenium\selenium-opera-driver\3.141.59\selenium-opera-driver-3.141.59.jar;C:\Users\Student\.m2\repository\org\seleniumhq\selenium\selenium-remote-driver\3.141.59\selenium-remote-driver-3.141.59.jar;C:\Users\Student\.m2\repository\org\seleniumhq\selenium\selenium-safari-driver\3.141.59\selenium-safari-driver-3.141.59.jar;C:\Users\Student\.m2\repository\org\seleniumhq\selenium\selenium-support\3.141.59\selenium-support-3.141.59.jar;C:\Users\Student\.m2\repository\net\bytebuddy\byte-buddy\1.8.15\byte-buddy-1.8.15.jar;C:\Users\Student\.m2\repository\org\apache\commons\commons-exec\1.3\commons-exec-1.3.jar;C:\Users\Student\.m2\repository\com\google\guava\guava\25.0-jre\guava-25.0-jre.jar;C:\Users\Student\.m2\repository\com\google\code\findbugs\jsr305\1.3.9\jsr305-1.3.9.jar;C:\Users\Student\.m2\repository\org\checkerframework\checker-compat-qual\2.0.0\checker-compat-qual-2.0.0.jar;C:\Users\Student\.m2\repository\com\google\errorprone\error_prone_annotations\2.1.3\error_prone_annotations-2.1.3.jar;C:\Users\Student\.m2\repository\com\google\j2objc\j2objc-annotations\1.1\j2objc-annotations-1.1.jar;C:\Users\Student\.m2\repository\org\codehaus\mojo\animal-sniffer-annotations\1.14\animal-sniffer-annotations-1.14.jar;C:\Users\Student\.m2\repository\com\squareup\okhttp3\okhttp\3.11.0\okhttp-3.11.0.jar;C:\Users\Student\.m2\repository\com\squareup\okio\okio\1.14.0\okio-1.14.0.jar;C:\Users\Student\.m2\repository\junit\junit\4.13.2\junit-4.13.2.jar;C:\Users\Student\.m2\repository\org\hamcrest\hamcrest-core\1.3\hamcrest-core-1.3.jar;C:\Users\Student\.m2\repository\org\testng\testng\7.0.0\testng-7.0.0.jar;C:\Users\Student\.m2\repository\com\beust\jcommander\1.72\jcommander-1.72.jar;C:\Users\Student\.m2\repository\io\github\bonigarcia\webdrivermanager\5.3.1\webdrivermanager-5.3.1.jar;C:\Users\Student\.m2\repository\org\slf4j\slf4j-api\2.0.3\slf4j-api-2.0.3.jar;C:\Users\Student\.m2\repository\com\google\code\gson\gson\2.10\gson-2.10.jar;C:\Users\Student\.m2\repository\com\github\docker-java\docker-java\3.2.13\docker-java-3.2.13.jar;C:\Users\Student\.m2\repository\com\github\docker-java\docker-java-core\3.2.13\docker-java-core-3.2.13.jar;C:\Users\Student\.m2\repository\com\github\docker-java\docker-java-api\3.2.13\docker-java-api-3.2.13.jar;C:\Users\Student\.m2\repository\com\fasterxml\jackson\core\jackson-annotations\2.10.3\jackson-annotations-2.10.3.jar;C:\Users\Student\.m2\repository\com\fasterxml\jackson\core\jackson-databind\2.10.3\jackson-databind-2.10.3.jar;C:\Users\Student\.m2\repository\com\fasterxml\jackson\core\jackson-core\2.10.3\jackson-core-2.10.3.jar;C:\Users\Student\.m2\repository\org\bouncycastle\bcpkix-jdk15on\1.64\bcpkix-jdk15on-1.64.jar;C:\Users\Student\.m2\repository\org\bouncycastle\bcprov-jdk15on\1.64\bcprov-jdk15on-1.64.jar;C:\Users\Student\.m2\repository\org\slf4j\jcl-over-slf4j\1.7.30\jcl-over-slf4j-1.7.30.jar;C:\Users\Student\.m2\repository\com\github\docker-java\docker-java-transport-httpclient5\3.2.13\docker-java-transport-httpclient5-3.2.13.jar;C:\Users\Student\.m2\repository\com\github\docker-java\docker-java-transport\3.2.13\docker-java-transport-3.2.13.jar;C:\Users\Student\.m2\repository\net\java\dev\jna\jna\5.8.0\jna-5.8.0.jar;C:\Users\Student\.m2\repository\org\brotli\dec\0.1.2\dec-0.1.2.jar;C:\Users\Student\.m2\repository\org\apache\commons\commons-lang3\3.12.0\commons-lang3-3.12.0.jar;C:\Users\Student\.m2\repository\org\apache\httpcomponents\client5\httpclient5\5.1.3\httpclient5-5.1.3.jar;C:\Users\Student\.m2\repository\org\apache\httpcomponents\core5\httpcore5\5.1.3\httpcore5-5.1.3.jar;C:\Users\Student\.m2\repository\org\apache\httpcomponents\core5\httpcore5-h2\5.1.3\httpcore5-h2-5.1.3.jar;C:\Users\Student\.m2\repository\org\apache\poi\poi\5.2.3\poi-5.2.3.jar;C:\Users\Student\.m2\repository\commons-codec\commons-codec\1.15\commons-codec-1.15.jar;C:\Users\Student\.m2\repository\org\apache\commons\commons-collections4\4.4\commons-collections4-4.4.jar;C:\Users\Student\.m2\repository\org\apache\commons\commons-math3\3.6.1\commons-math3-3.6.1.jar;C:\Users\Student\.m2\repository\commons-io\commons-io\2.11.0\commons-io-2.11.0.jar;C:\Users\Student\.m2\repository\com\zaxxer\SparseBitSet\1.2\SparseBitSet-1.2.jar;C:\Users\Student\.m2\repository\org\apache\logging\log4j\log4j-api\2.18.0\log4j-api-2.18.0.jar;C:\Users\Student\.m2\repository\org\apache\poi\poi-ooxml\5.2.3\poi-ooxml-5.2.3.jar;C:\Users\Student\.m2\repository\org\apache\poi\poi-ooxml-lite\5.2.3\poi-ooxml-lite-5.2.3.jar;C:\Users\Student\.m2\repository\org\apache\xmlbeans\xmlbeans\5.1.1\xmlbeans-5.1.1.jar;C:\Users\Student\.m2\repository\xml-apis\xml-apis\1.4.01\xml-apis-1.4.01.jar;C:\Users\Student\.m2\repository\org\apache\commons\commons-compress\1.21\commons-compress-1.21.jar;C:\Users\Student\.m2\repository\com\github\virtuald\curvesapi\1.07\curvesapi-1.07.jar;C:\Users\Student\.m2\repository\com\aventstack\extentreports\4.0.9\extentreports-4.0.9.jar;C:\Users\Student\.m2\repository\org\freemarker\freemarker\2.3.23\freemarker-2.3.23.jar;C:\Users\Student\.m2\repository\org\mongodb\mongodb-driver\3.3.0\mongodb-driver-3.3.0.jar;C:\Users\Student\.m2\repository\org\mongodb\mongodb-driver-core\3.3.0\mongodb-driver-core-3.3.0.jar;C:\Users\Student\.m2\repository\org\mongodb\bson\3.3.0\bson-3.3.0.jar;C:\Users\Student\.m2\repository\org\apache\httpcomponents\httpclient\4.5.2\httpclient-4.5.2.jar;C:\Users\Student\.m2\repository\org\apache\httpcomponents\httpcore\4.4.4\httpcore-4.4.4.jar;C:\Users\Student\.m2\repository\commons-logging\commons-logging\1.2\commons-logging-1.2.jar;C:\Users\Student\.m2\repository\org\apache\httpcomponents\httpmime\4.5.2\httpmime-4.5.2.jar;"/>
    <property name="java.vm.vendor" value="Oracle Corporation"/>
    <property name="sun.arch.data.model" value="64"/>
    <property name="user.variant" value=""/>
    <property name="java.vendor.url" value="http://java.oracle.com/"/>
    <property name="user.timezone" value="America/Los_Angeles"/>
    <property name="java.vm.specification.version" value="1.8"/>
    <property name="os.name" value="Windows 10"/>
    <property name="user.country" value="US"/>
    <property name="sun.java.launcher" value="SUN_STANDARD"/>
    <property name="sun.boot.library.path" value="C:\Program Files\Java\jdk1.8.0_333\jre\bin"/>
    <property name="sun.java.command" value="C:\Users\Student\AppData\Local\Temp\surefire4807595391695123718\surefirebooter573959887682934685.jar C:\Users\Student\AppData\Local\Temp\surefire4807595391695123718 2022-12-11T21-54-15_547-jvmRun1 surefire4644196968802120834tmp surefire_01648942711721290387tmp"/>
    <property name="surefire.test.class.path" value="C:\Users\Student\Downloads\com.ibm.banking.batch2.selenium\com.ibm.banking.batch2.selenium\target\test-classes;C:\Users\Student\Downloads\com.ibm.banking.batch2.selenium\com.ibm.banking.batch2.selenium\target\classes;C:\Users\Student\.m2\repository\log4j\log4j\1.2.17\log4j-1.2.17.jar;C:\Users\Student\.m2\repository\org\seleniumhq\selenium\selenium-java\3.141.59\selenium-java-3.141.59.jar;C:\Users\Student\.m2\repository\org\seleniumhq\selenium\selenium-api\3.141.59\selenium-api-3.141.59.jar;C:\Users\Student\.m2\repository\org\seleniumhq\selenium\selenium-chrome-driver\3.141.59\selenium-chrome-driver-3.141.59.jar;C:\Users\Student\.m2\repository\org\seleniumhq\selenium\selenium-edge-driver\3.141.59\selenium-edge-driver-3.141.59.jar;C:\Users\Student\.m2\repository\org\seleniumhq\selenium\selenium-firefox-driver\3.141.59\selenium-firefox-driver-3.141.59.jar;C:\Users\Student\.m2\repository\org\seleniumhq\selenium\selenium-ie-driver\3.141.59\selenium-ie-driver-3.141.59.jar;C:\Users\Student\.m2\repository\org\seleniumhq\selenium\selenium-opera-driver\3.141.59\selenium-opera-driver-3.141.59.jar;C:\Users\Student\.m2\repository\org\seleniumhq\selenium\selenium-remote-driver\3.141.59\selenium-remote-driver-3.141.59.jar;C:\Users\Student\.m2\repository\org\seleniumhq\selenium\selenium-safari-driver\3.141.59\selenium-safari-driver-3.141.59.jar;C:\Users\Student\.m2\repository\org\seleniumhq\selenium\selenium-support\3.141.59\selenium-support-3.141.59.jar;C:\Users\Student\.m2\repository\net\bytebuddy\byte-buddy\1.8.15\byte-buddy-1.8.15.jar;C:\Users\Student\.m2\repository\org\apache\commons\commons-exec\1.3\commons-exec-1.3.jar;C:\Users\Student\.m2\repository\com\google\guava\guava\25.0-jre\guava-25.0-jre.jar;C:\Users\Student\.m2\repository\com\google\code\findbugs\jsr305\1.3.9\jsr305-1.3.9.jar;C:\Users\Student\.m2\repository\org\checkerframework\checker-compat-qual\2.0.0\checker-compat-qual-2.0.0.jar;C:\Users\Student\.m2\repository\com\google\errorprone\error_prone_annotations\2.1.3\error_prone_annotations-2.1.3.jar;C:\Users\Student\.m2\repository\com\google\j2objc\j2objc-annotations\1.1\j2objc-annotations-1.1.jar;C:\Users\Student\.m2\repository\org\codehaus\mojo\animal-sniffer-annotations\1.14\animal-sniffer-annotations-1.14.jar;C:\Users\Student\.m2\repository\com\squareup\okhttp3\okhttp\3.11.0\okhttp-3.11.0.jar;C:\Users\Student\.m2\repository\com\squareup\okio\okio\1.14.0\okio-1.14.0.jar;C:\Users\Student\.m2\repository\junit\junit\4.13.2\junit-4.13.2.jar;C:\Users\Student\.m2\repository\org\hamcrest\hamcrest-core\1.3\hamcrest-core-1.3.jar;C:\Users\Student\.m2\repository\org\testng\testng\7.0.0\testng-7.0.0.jar;C:\Users\Student\.m2\repository\com\beust\jcommander\1.72\jcommander-1.72.jar;C:\Users\Student\.m2\repository\io\github\bonigarcia\webdrivermanager\5.3.1\webdrivermanager-5.3.1.jar;C:\Users\Student\.m2\repository\org\slf4j\slf4j-api\2.0.3\slf4j-api-2.0.3.jar;C:\Users\Student\.m2\repository\com\google\code\gson\gson\2.10\gson-2.10.jar;C:\Users\Student\.m2\repository\com\github\docker-java\docker-java\3.2.13\docker-java-3.2.13.jar;C:\Users\Student\.m2\repository\com\github\docker-java\docker-java-core\3.2.13\docker-java-core-3.2.13.jar;C:\Users\Student\.m2\repository\com\github\docker-java\docker-java-api\3.2.13\docker-java-api-3.2.13.jar;C:\Users\Student\.m2\repository\com\fasterxml\jackson\core\jackson-annotations\2.10.3\jackson-annotations-2.10.3.jar;C:\Users\Student\.m2\repository\com\fasterxml\jackson\core\jackson-databind\2.10.3\jackson-databind-2.10.3.jar;C:\Users\Student\.m2\repository\com\fasterxml\jackson\core\jackson-core\2.10.3\jackson-core-2.10.3.jar;C:\Users\Student\.m2\repository\org\bouncycastle\bcpkix-jdk15on\1.64\bcpkix-jdk15on-1.64.jar;C:\Users\Student\.m2\repository\org\bouncycastle\bcprov-jdk15on\1.64\bcprov-jdk15on-1.64.jar;C:\Users\Student\.m2\repository\org\slf4j\jcl-over-slf4j\1.7.30\jcl-over-slf4j-1.7.30.jar;C:\Users\Student\.m2\repository\com\github\docker-java\docker-java-transport-httpclient5\3.2.13\docker-java-transport-httpclient5-3.2.13.jar;C:\Users\Student\.m2\repository\com\github\docker-java\docker-java-transport\3.2.13\docker-java-transport-3.2.13.jar;C:\Users\Student\.m2\repository\net\java\dev\jna\jna\5.8.0\jna-5.8.0.jar;C:\Users\Student\.m2\repository\org\brotli\dec\0.1.2\dec-0.1.2.jar;C:\Users\Student\.m2\repository\org\apache\commons\commons-lang3\3.12.0\commons-lang3-3.12.0.jar;C:\Users\Student\.m2\repository\org\apache\httpcomponents\client5\httpclient5\5.1.3\httpclient5-5.1.3.jar;C:\Users\Student\.m2\repository\org\apache\httpcomponents\core5\httpcore5\5.1.3\httpcore5-5.1.3.jar;C:\Users\Student\.m2\repository\org\apache\httpcomponents\core5\httpcore5-h2\5.1.3\httpcore5-h2-5.1.3.jar;C:\Users\Student\.m2\repository\org\apache\poi\poi\5.2.3\poi-5.2.3.jar;C:\Users\Student\.m2\repository\commons-codec\commons-codec\1.15\commons-codec-1.15.jar;C:\Users\Student\.m2\repository\org\apache\commons\commons-collections4\4.4\commons-collections4-4.4.jar;C:\Users\Student\.m2\repository\org\apache\commons\commons-math3\3.6.1\commons-math3-3.6.1.jar;C:\Users\Student\.m2\repository\commons-io\commons-io\2.11.0\commons-io-2.11.0.jar;C:\Users\Student\.m2\repository\com\zaxxer\SparseBitSet\1.2\SparseBitSet-1.2.jar;C:\Users\Student\.m2\repository\org\apache\logging\log4j\log4j-api\2.18.0\log4j-api-2.18.0.jar;C:\Users\Student\.m2\repository\org\apache\poi\poi-ooxml\5.2.3\poi-ooxml-5.2.3.jar;C:\Users\Student\.m2\repository\org\apache\poi\poi-ooxml-lite\5.2.3\poi-ooxml-lite-5.2.3.jar;C:\Users\Student\.m2\repository\org\apache\xmlbeans\xmlbeans\5.1.1\xmlbeans-5.1.1.jar;C:\Users\Student\.m2\repository\xml-apis\xml-apis\1.4.01\xml-apis-1.4.01.jar;C:\Users\Student\.m2\repository\org\apache\commons\commons-compress\1.21\commons-compress-1.21.jar;C:\Users\Student\.m2\repository\com\github\virtuald\curvesapi\1.07\curvesapi-1.07.jar;C:\Users\Student\.m2\repository\com\aventstack\extentreports\4.0.9\extentreports-4.0.9.jar;C:\Users\Student\.m2\repository\org\freemarker\freemarker\2.3.23\freemarker-2.3.23.jar;C:\Users\Student\.m2\repository\org\mongodb\mongodb-driver\3.3.0\mongodb-driver-3.3.0.jar;C:\Users\Student\.m2\repository\org\mongodb\mongodb-driver-core\3.3.0\mongodb-driver-core-3.3.0.jar;C:\Users\Student\.m2\repository\org\mongodb\bson\3.3.0\bson-3.3.0.jar;C:\Users\Student\.m2\repository\org\apache\httpcomponents\httpclient\4.5.2\httpclient-4.5.2.jar;C:\Users\Student\.m2\repository\org\apache\httpcomponents\httpcore\4.4.4\httpcore-4.4.4.jar;C:\Users\Student\.m2\repository\commons-logging\commons-logging\1.2\commons-logging-1.2.jar;C:\Users\Student\.m2\repository\org\apache\httpcomponents\httpmime\4.5.2\httpmime-4.5.2.jar;"/>
    <property name="sun.cpu.endian" value="little"/>
    <property name="user.home" value="C:\Users\Student"/>
    <property name="user.language" value="en"/>
    <property name="java.specification.vendor" value="Oracle Corporation"/>
    <property name="java.home" value="C:\Program Files\Java\jdk1.8.0_333\jre"/>
    <property name="basedir" value="C:\Users\Student\Downloads\com.ibm.banking.batch2.selenium\com.ibm.banking.batch2.selenium"/>
    <property name="file.separator" value="\"/>
    <property name="line.separator" value="&#10;"/>
    <property name="java.vm.specification.vendor" value="Oracle Corporation"/>
    <property name="java.specification.name" value="Java Platform API Specification"/>
    <property name="java.awt.graphicsenv" value="sun.awt.Win32GraphicsEnvironment"/>
    <property name="surefire.real.class.path" value="C:\Users\Student\AppData\Local\Temp\surefire4807595391695123718\surefirebooter573959887682934685.jar"/>
    <property name="sun.boot.class.path" value="C:\Program Files\Java\jdk1.8.0_333\jre\lib\resources.jar;C:\Program Files\Java\jdk1.8.0_333\jre\lib\rt.jar;C:\Program Files\Java\jdk1.8.0_333\jre\lib\sunrsasign.jar;C:\Program Files\Java\jdk1.8.0_333\jre\lib\jsse.jar;C:\Program Files\Java\jdk1.8.0_333\jre\lib\jce.jar;C:\Program Files\Java\jdk1.8.0_333\jre\lib\charsets.jar;C:\Program Files\Java\jdk1.8.0_333\jre\lib\jfr.jar;C:\Program Files\Java\jdk1.8.0_333\jre\classes"/>
    <property name="user.script" value=""/>
    <property name="sun.management.compiler" value="HotSpot 64-Bit Tiered Compilers"/>
    <property name="java.runtime.version" value="1.8.0_333-b02"/>
    <property name="user.name" value="Student"/>
    <property name="path.separator" value=";"/>
    <property name="os.version" value="10.0"/>
    <property name="java.endorsed.dirs" value="C:\Program Files\Java\jdk1.8.0_333\jre\lib\endorsed"/>
    <property name="java.runtime.name" value="Java(TM) SE Runtime Environment"/>
    <property name="file.encoding" value="Cp1252"/>
    <property name="java.vm.name" value="Java HotSpot(TM) 64-Bit Server VM"/>
    <property name="localRepository" value="C:\Users\Student\.m2\repository"/>
    <property name="java.vendor.url.bug" value="http://bugreport.sun.com/bugreport/"/>
    <property name="java.io.tmpdir" value="C:\Users\Student\AppData\Local\Temp\"/>
    <property name="java.version" value="1.8.0_333"/>
    <property name="user.dir" value="C:\Users\Student\Downloads\com.ibm.banking.batch2.selenium\com.ibm.banking.batch2.selenium"/>
    <property name="os.arch" value="amd64"/>
    <property name="java.vm.specification.name" value="Java Virtual Machine Specification"/>
    <property name="java.awt.printerjob" value="sun.awt.windows.WPrinterJob"/>
    <property name="sun.os.patch.level" value=""/>
    <property name="java.library.path" value="C:\Program Files\Java\jdk1.8.0_333\jre\bin;C:\Windows\Sun\Java\bin;C:\Windows\system32;C:\Windows;C:\Program Files\Common Files\Oracle\Java\javapath;C:\Windows\system32;C:\Windows;C:\Windows\System32\Wbem;C:\Windows\System32\WindowsPowerShell\v1.0\;C:\Windows\System32\OpenSSH\;C:\Program Files\Java\jdk1.8.0_333\bin;C:\Users\Student\Desktop\Software\apache-maven-3.8.6\bin;C:\Users\Student\AppData\Local\Programs\Python\Python311\Scripts\;C:\Users\Student\AppData\Local\Programs\Python\Python311\;C:\Users\Student\AppData\Local\Microsoft\WindowsApps;C:\Users\Student\AppData\Local\Programs\Microsoft VS Code\bin;."/>
    <property name="java.vm.info" value="mixed mode"/>
    <property name="java.vendor" value="Oracle Corporation"/>
    <property name="java.vm.version" value="25.333-b02"/>
    <property name="java.ext.dirs" value="C:\Program Files\Java\jdk1.8.0_333\jre\lib\ext;C:\Windows\Sun\Java\lib\ext"/>
    <property name="sun.io.unicode.encoding" value="UnicodeLittle"/>
    <property name="java.class.version" value="52.0"/>
  </properties>
  <testcase name="verifyLoginWithInValidUser[abiramiRegsssion@google.com, demo@123](1)" classname="ddtNopCom.NOPCommLoginTest" time="10.571">
    <system-out><![CDATA[<html lang="en" dir="ltr" class="html-login-page"><head>
<title>Your store. Login</title>
<meta http-equiv="Content-type" content="text/html;charset=UTF-8">
<meta name="description" content="">
<meta name="keywords" content="">
<meta name="generator" content="nopCommerce">
<meta name="viewport" content="width=device-width, initial-scale=1">
<link rel="stylesheet" type="text/css" href="/css/Login.Head.styles.css?v=ENuGw4-imkFZ7q-8CfNy3d2tAN4">

</head>
<body>
<div class="ajax-loading-block-window" style="display: none">
</div>
<div id="dialog-notifications-success" title="Notification" style="display:none;">
</div>
<div id="dialog-notifications-error" title="Error" style="display:none;">
</div>
<div id="dialog-notifications-warning" title="Warning" style="display:none;">
</div>
<div id="bar-notification" class="bar-notification-container" data-close="Close">
</div>
<!--[if lte IE 8]>
    <div style="clear:both;height:59px;text-align:center;position:relative;">
        <a href="http://www.microsoft.com/windows/internet-explorer/default.aspx" target="_blank">
            <img src="/Themes/DefaultClean/Content/images/ie_warning.jpg" height="42" width="820" alt="You are using an outdated browser. For a faster, safer browsing experience, upgrade for free today." />
        </a>
    </div>
<![endif]--><div class="master-wrapper-page">
<div class="master-wrapper-content">
<div class="master-column-wrapper">
<div class="center-1">
<div class="page login-page">
<div class="page-title">
<h1>Admin area demo</h1>
</div>
<div class="page-body">
<div class="customer-blocks">
<div class="returning-wrapper fieldset">
<form method="post" autocomplete="off" action="/login?returnurl=%2Fadmin%2F" novalidate="novalidate">
<div class="message-error validation-summary-errors">Login was unsuccessful. Please correct the errors and try again.<ul><li>No customer account found</li>
</ul></div>
<div class="title">
<strong>Welcome, please sign in!</strong>
</div>
<div class="form-fields">
<div class="inputs">
<label for="Email">Email:</label>
<input class="email" value="admin@yourstore.com" autofocus="autofocus" type="email" data-val="true" data-val-email="Wrong email" data-val-required="Please enter your email" id="Email" name="Email">
<span class="field-validation-valid" data-valmsg-for="Email" data-valmsg-replace="true"></span>
</div>
<div class="inputs">
<label for="Password">Password:</label>
<input value="admin" class="password" type="password" id="Password" name="Password">
<span class="field-validation-valid" data-valmsg-for="Password" data-valmsg-replace="true"></span>
</div>
<div class="inputs reversed">
<input type="checkbox" checked="checked" data-val="true" data-val-required="The Remember me? field is required." id="RememberMe" name="RememberMe" value="true">
<label for="RememberMe">Remember me?</label>
</div>
</div>
<div class="buttons">
<button type="submit" class="button-1 login-button">Log in</button>
</div>
<input name="__RequestVerificationToken" type="hidden" value="CfDJ8Bq6ZBwazYtNnockgyFPnpkTPow3MSgiB27nMbMR1t-qZ5h4K69vkxj3My3hNlK6e84wEpQbH8j_2HS1VW9v-vXt4jFiu_b-ezOu-jCZUn_yGlhRdbzzfBTY7ET2O9_vd-JciCiqzgYh7DDKMbhdy9g"><input name="RememberMe" type="hidden" value="false"></form>
</div>
</div>
<div class="topic-block">
<div class="topic-block-title">
<h2>Defaults for admin area</h2>
</div>
<div class="topic-block-body">
<p>Admin email: admin@yourstore.com <br>Admin password: admin </p>
</div>
</div>
</div>
</div>
</div>
</div>
</div>
</div>
<script type="text/javascript" src="/js/Login.Footer.scripts.js?v=8vxsji3jwROlF7m2FUrdMCqN6yo"></script>

</body></html>
]]></system-out>
    <system-err><![CDATA[SLF4J: No SLF4J providers were found.
SLF4J: Defaulting to no-operation (NOP) logger implementation
SLF4J: See https://www.slf4j.org/codes.html#noProviders for further details.
Starting ChromeDriver 108.0.5359.71 (1e0e3868ee06e91ad636a874420e3ca3ae3756ac-refs/branch-heads/5359@{#1016}) on port 12174
Only local connections are allowed.
Please see https://chromedriver.chromium.org/security-considerations for suggestions on keeping ChromeDriver safe.
ChromeDriver was started successfully.
Dec 11, 2022 9:54:24 PM org.openqa.selenium.remote.ProtocolHandshake createSession
INFO: Detected dialect: W3C
]]></system-err>
  </testcase>
  <testcase name="verifyLoginWithInValidUser[KritikaRegsssion@yahoo.com, password](2)" classname="ddtNopCom.NOPCommLoginTest" time="9.831">
    <system-out><![CDATA[<html lang="en" dir="ltr" class="html-login-page"><head>
<title>Your store. Login</title>
<meta http-equiv="Content-type" content="text/html;charset=UTF-8">
<meta name="description" content="">
<meta name="keywords" content="">
<meta name="generator" content="nopCommerce">
<meta name="viewport" content="width=device-width, initial-scale=1">
<link rel="stylesheet" type="text/css" href="/css/Login.Head.styles.css?v=ENuGw4-imkFZ7q-8CfNy3d2tAN4">

</head>
<body>
<div class="ajax-loading-block-window" style="display: none">
</div>
<div id="dialog-notifications-success" title="Notification" style="display:none;">
</div>
<div id="dialog-notifications-error" title="Error" style="display:none;">
</div>
<div id="dialog-notifications-warning" title="Warning" style="display:none;">
</div>
<div id="bar-notification" class="bar-notification-container" data-close="Close">
</div>
<!--[if lte IE 8]>
    <div style="clear:both;height:59px;text-align:center;position:relative;">
        <a href="http://www.microsoft.com/windows/internet-explorer/default.aspx" target="_blank">
            <img src="/Themes/DefaultClean/Content/images/ie_warning.jpg" height="42" width="820" alt="You are using an outdated browser. For a faster, safer browsing experience, upgrade for free today." />
        </a>
    </div>
<![endif]--><div class="master-wrapper-page">
<div class="master-wrapper-content">
<div class="master-column-wrapper">
<div class="center-1">
<div class="page login-page">
<div class="page-title">
<h1>Admin area demo</h1>
</div>
<div class="page-body">
<div class="customer-blocks">
<div class="returning-wrapper fieldset">
<form method="post" autocomplete="off" action="/login?returnurl=%2Fadmin%2F" novalidate="novalidate">
<div class="message-error validation-summary-errors">Login was unsuccessful. Please correct the errors and try again.<ul><li>No customer account found</li>
</ul></div>
<div class="title">
<strong>Welcome, please sign in!</strong>
</div>
<div class="form-fields">
<div class="inputs">
<label for="Email">Email:</label>
<input class="email" value="admin@yourstore.com" autofocus="autofocus" type="email" data-val="true" data-val-email="Wrong email" data-val-required="Please enter your email" id="Email" name="Email">
<span class="field-validation-valid" data-valmsg-for="Email" data-valmsg-replace="true"></span>
</div>
<div class="inputs">
<label for="Password">Password:</label>
<input value="admin" class="password" type="password" id="Password" name="Password">
<span class="field-validation-valid" data-valmsg-for="Password" data-valmsg-replace="true"></span>
</div>
<div class="inputs reversed">
<input type="checkbox" data-val="true" data-val-required="The Remember me? field is required." id="RememberMe" name="RememberMe" value="true">
<label for="RememberMe">Remember me?</label>
</div>
</div>
<div class="buttons">
<button type="submit" class="button-1 login-button">Log in</button>
</div>
<input name="__RequestVerificationToken" type="hidden" value="CfDJ8Bq6ZBwazYtNnockgyFPnplzpQboNEqUVDvIOhOAKJ43m6koglPXe-nTsK7-KeoCbluqcSdayvjKXsAMfHB-Nq6ywmbLrVkdDE-925W_qhmZ9__aQ6aNqDWkox4tIwF_mEdgwh8tFMJ7E3JeEu4WiUg"><input name="RememberMe" type="hidden" value="false"></form>
</div>
</div>
<div class="topic-block">
<div class="topic-block-title">
<h2>Defaults for admin area</h2>
</div>
<div class="topic-block-body">
<p>Admin email: admin@yourstore.com <br>Admin password: admin </p>
</div>
</div>
</div>
</div>
</div>
</div>
</div>
</div>
<script type="text/javascript" src="/js/Login.Footer.scripts.js?v=8vxsji3jwROlF7m2FUrdMCqN6yo"></script>

</body></html>
]]></system-out>
  </testcase>
  <testcase name="verifyLoginWithInValidUser[PriyankaRegsssion@gmail.com, password](3)" classname="ddtNopCom.NOPCommLoginTest" time="9.789">
    <system-out><![CDATA[<html lang="en" dir="ltr" class="html-login-page"><head>
<title>Your store. Login</title>
<meta http-equiv="Content-type" content="text/html;charset=UTF-8">
<meta name="description" content="">
<meta name="keywords" content="">
<meta name="generator" content="nopCommerce">
<meta name="viewport" content="width=device-width, initial-scale=1">
<link rel="stylesheet" type="text/css" href="/css/Login.Head.styles.css?v=ENuGw4-imkFZ7q-8CfNy3d2tAN4">

</head>
<body>
<div class="ajax-loading-block-window" style="display: none">
</div>
<div id="dialog-notifications-success" title="Notification" style="display:none;">
</div>
<div id="dialog-notifications-error" title="Error" style="display:none;">
</div>
<div id="dialog-notifications-warning" title="Warning" style="display:none;">
</div>
<div id="bar-notification" class="bar-notification-container" data-close="Close">
</div>
<!--[if lte IE 8]>
    <div style="clear:both;height:59px;text-align:center;position:relative;">
        <a href="http://www.microsoft.com/windows/internet-explorer/default.aspx" target="_blank">
            <img src="/Themes/DefaultClean/Content/images/ie_warning.jpg" height="42" width="820" alt="You are using an outdated browser. For a faster, safer browsing experience, upgrade for free today." />
        </a>
    </div>
<![endif]--><div class="master-wrapper-page">
<div class="master-wrapper-content">
<div class="master-column-wrapper">
<div class="center-1">
<div class="page login-page">
<div class="page-title">
<h1>Admin area demo</h1>
</div>
<div class="page-body">
<div class="customer-blocks">
<div class="returning-wrapper fieldset">
<form method="post" autocomplete="off" action="/login?returnurl=%2Fadmin%2F" novalidate="novalidate">
<div class="message-error validation-summary-errors">Login was unsuccessful. Please correct the errors and try again.<ul><li>No customer account found</li>
</ul></div>
<div class="title">
<strong>Welcome, please sign in!</strong>
</div>
<div class="form-fields">
<div class="inputs">
<label for="Email">Email:</label>
<input class="email" value="admin@yourstore.com" autofocus="autofocus" type="email" data-val="true" data-val-email="Wrong email" data-val-required="Please enter your email" id="Email" name="Email">
<span class="field-validation-valid" data-valmsg-for="Email" data-valmsg-replace="true"></span>
</div>
<div class="inputs">
<label for="Password">Password:</label>
<input value="admin" class="password" type="password" id="Password" name="Password">
<span class="field-validation-valid" data-valmsg-for="Password" data-valmsg-replace="true"></span>
</div>
<div class="inputs reversed">
<input type="checkbox" checked="checked" data-val="true" data-val-required="The Remember me? field is required." id="RememberMe" name="RememberMe" value="true">
<label for="RememberMe">Remember me?</label>
</div>
</div>
<div class="buttons">
<button type="submit" class="button-1 login-button">Log in</button>
</div>
<input name="__RequestVerificationToken" type="hidden" value="CfDJ8Bq6ZBwazYtNnockgyFPnpna3H5SnQVpxXPzFbJyTnQC6q71-yB8t1USfwfJ5eyYDp49fFRDgYjP1dX98Rtzb7zFyzCZi-6_6NMl7bnpQ36EcYiMJjqWUMr9ORtWxY10NlBml-2Cxaku7mdsi8w4bkg"><input name="RememberMe" type="hidden" value="false"></form>
</div>
</div>
<div class="topic-block">
<div class="topic-block-title">
<h2>Defaults for admin area</h2>
</div>
<div class="topic-block-body">
<p>Admin email: admin@yourstore.com <br>Admin password: admin </p>
</div>
</div>
</div>
</div>
</div>
</div>
</div>
</div>
<script type="text/javascript" src="/js/Login.Footer.scripts.js?v=8vxsji3jwROlF7m2FUrdMCqN6yo"></script>

</body></html>
]]></system-out>
  </testcase>
  <testcase name="verifyLoginWithInValidUser[sidRegsssion@gmail.com, password](4)" classname="ddtNopCom.NOPCommLoginTest" time="9.778">
    <system-out><![CDATA[<html lang="en" dir="ltr" class="html-login-page"><head>
<title>Your store. Login</title>
<meta http-equiv="Content-type" content="text/html;charset=UTF-8">
<meta name="description" content="">
<meta name="keywords" content="">
<meta name="generator" content="nopCommerce">
<meta name="viewport" content="width=device-width, initial-scale=1">
<link rel="stylesheet" type="text/css" href="/css/Login.Head.styles.css?v=ENuGw4-imkFZ7q-8CfNy3d2tAN4">

</head>
<body>
<div class="ajax-loading-block-window" style="display: none">
</div>
<div id="dialog-notifications-success" title="Notification" style="display:none;">
</div>
<div id="dialog-notifications-error" title="Error" style="display:none;">
</div>
<div id="dialog-notifications-warning" title="Warning" style="display:none;">
</div>
<div id="bar-notification" class="bar-notification-container" data-close="Close">
</div>
<!--[if lte IE 8]>
    <div style="clear:both;height:59px;text-align:center;position:relative;">
        <a href="http://www.microsoft.com/windows/internet-explorer/default.aspx" target="_blank">
            <img src="/Themes/DefaultClean/Content/images/ie_warning.jpg" height="42" width="820" alt="You are using an outdated browser. For a faster, safer browsing experience, upgrade for free today." />
        </a>
    </div>
<![endif]--><div class="master-wrapper-page">
<div class="master-wrapper-content">
<div class="master-column-wrapper">
<div class="center-1">
<div class="page login-page">
<div class="page-title">
<h1>Admin area demo</h1>
</div>
<div class="page-body">
<div class="customer-blocks">
<div class="returning-wrapper fieldset">
<form method="post" autocomplete="off" action="/login?returnurl=%2Fadmin%2F" novalidate="novalidate">
<div class="message-error validation-summary-errors">Login was unsuccessful. Please correct the errors and try again.<ul><li>No customer account found</li>
</ul></div>
<div class="title">
<strong>Welcome, please sign in!</strong>
</div>
<div class="form-fields">
<div class="inputs">
<label for="Email">Email:</label>
<input class="email" value="admin@yourstore.com" autofocus="autofocus" type="email" data-val="true" data-val-email="Wrong email" data-val-required="Please enter your email" id="Email" name="Email">
<span class="field-validation-valid" data-valmsg-for="Email" data-valmsg-replace="true"></span>
</div>
<div class="inputs">
<label for="Password">Password:</label>
<input value="admin" class="password" type="password" id="Password" name="Password">
<span class="field-validation-valid" data-valmsg-for="Password" data-valmsg-replace="true"></span>
</div>
<div class="inputs reversed">
<input type="checkbox" data-val="true" data-val-required="The Remember me? field is required." id="RememberMe" name="RememberMe" value="true">
<label for="RememberMe">Remember me?</label>
</div>
</div>
<div class="buttons">
<button type="submit" class="button-1 login-button">Log in</button>
</div>
<input name="__RequestVerificationToken" type="hidden" value="CfDJ8Bq6ZBwazYtNnockgyFPnpk3ptyI5ZvZijidl5Dxzr_Od7pi-y-cNnxIpLjYxGm05NGut3h_O2c61tH1J8uXaZJrNi0LnoCKVxokRMmxuFMcuSt6C-vdW2s5RWRcKuDZD9UslqhWTyNIOmLCig45V74"><input name="RememberMe" type="hidden" value="false"></form>
</div>
</div>
<div class="topic-block">
<div class="topic-block-title">
<h2>Defaults for admin area</h2>
</div>
<div class="topic-block-body">
<p>Admin email: admin@yourstore.com <br>Admin password: admin </p>
</div>
</div>
</div>
</div>
</div>
</div>
</div>
</div>
<script type="text/javascript" src="/js/Login.Footer.scripts.js?v=8vxsji3jwROlF7m2FUrdMCqN6yo"></script>

</body></html>
]]></system-out>
  </testcase>
</testsuite>