<?xml version="1.0" encoding="UTF-8"?>
<!-- Generated by org.testng.reporters.JUnitReportReporter -->
<testsuite hostname="DESKTOP-QNHJ5Q7" name="takeScreenshotExample.AmazonTestExample" tests="1" failures="0" timestamp="5 Dec 2022 12:31:22 GMT" time="7.555" errors="0">
  <testcase name="verifyWishList" time="7.555" classname="takeScreenshotExample.AmazonTestExample"/>
</testsuite> <!-- takeScreenshotExample.AmazonTestExample -->
