<?xml version="1.0" encoding="UTF-8"?>
<!-- Generated by org.testng.reporters.JUnitReportReporter -->
<testsuite hostname="DESKTOP-QNHJ5Q7" name="nopCommerceAppExample.LoginTest" tests="1" failures="0" timestamp="5 Dec 2022 06:59:22 GMT" time="20.857" errors="0">
  <testcase name="verifyLogin" time="20.857" classname="nopCommerceAppExample.LoginTest"/>
</testsuite> <!-- nopCommerceAppExample.LoginTest -->
