<?xml version="1.0" encoding="UTF-8"?>
<!-- Generated by org.testng.reporters.JUnitReportReporter -->
<testsuite hostname="DESKTOP-QNHJ5Q7" name="seleniumIDE.LoginlogoutTest2" tests="1" failures="0" timestamp="28 Nov 2022 05:38:29 GMT" time="19.055" errors="0">
  <testcase name="loginlogout" time="19.055" classname="seleniumIDE.LoginlogoutTest2"/>
</testsuite> <!-- seleniumIDE.LoginlogoutTest2 -->
