<?xml version="1.0" encoding="UTF-8"?>
<!-- Generated by org.testng.reporters.JUnitReportReporter -->
<testsuite hostname="DESKTOP-QNHJ5Q7" name="actionExample.DragAndDropTest" tests="1" failures="0" timestamp="2 Dec 2022 07:15:35 GMT" time="3.442" errors="0">
  <testcase name="verifyDragAndDrop" time="3.442" classname="actionExample.DragAndDropTest"/>
</testsuite> <!-- actionExample.DragAndDropTest -->
