<?xml version="1.0" encoding="UTF-8"?>
<!-- Generated by org.testng.reporters.JUnitReportReporter -->
<testsuite hostname="DESKTOP-QNHJ5Q7" name="controlExample.HandleList" tests="2" failures="0" timestamp="30 Nov 2022 06:41:37 GMT" time="8.824" errors="0">
  <testcase name="handlelist2" time="4.389" classname="controlExample.HandleList"/>
  <testcase name="handlelist" time="4.435" classname="controlExample.HandleList"/>
</testsuite> <!-- controlExample.HandleList -->
