<?xml version="1.0" encoding="UTF-8"?>
<!-- Generated by org.testng.reporters.JUnitReportReporter -->
<testsuite hostname="DESKTOP-QNHJ5Q7" name="restAssured.POST_CreateUSERS_APITest" tests="3" failures="0" timestamp="20 Dec 2022 07:09:21 GMT" time="13.487" errors="0">
  <testcase name="verifyListUserTest" time="3.469" classname="restAssured.POST_CreateUSERS_APITest"/>
  <testcase name="verifyListUserTest" time="6.511" classname="restAssured.POST_CreateUSERS_APITest"/>
  <testcase name="verifyListUserTest" time="3.507" classname="restAssured.POST_CreateUSERS_APITest"/>
</testsuite> <!-- restAssured.POST_CreateUSERS_APITest -->
