<?xml version="1.0" encoding="UTF-8"?>
<!-- Generated by org.testng.reporters.JUnitReportReporter -->
<testsuite hostname="DESKTOP-QNHJ5Q7" name="ddtNopCom.NOPCommLoginTest" tests="4" failures="0" timestamp="7 Dec 2022 06:19:00 GMT" time="40.106" errors="0">
  <testcase name="verifyLoginWithInValidUser" time="10.467" classname="ddtNopCom.NOPCommLoginTest"/>
  <testcase name="verifyLoginWithInValidUser" time="9.990" classname="ddtNopCom.NOPCommLoginTest"/>
  <testcase name="verifyLoginWithInValidUser" time="9.785" classname="ddtNopCom.NOPCommLoginTest"/>
  <testcase name="verifyLoginWithInValidUser" time="9.864" classname="ddtNopCom.NOPCommLoginTest"/>
</testsuite> <!-- ddtNopCom.NOPCommLoginTest -->
