<?xml version="1.0" encoding="UTF-8"?>
<!-- Generated by org.testng.reporters.JUnitReportReporter -->
<testsuite hostname="DESKTOP-QNHJ5Q7" name="tests.LoginTest" tests="1" failures="0" timestamp="5 Dec 2022 08:20:21 GMT" time="9.878" errors="0">
  <testcase name="verifyLogin" time="9.878" classname="tests.LoginTest"/>
</testsuite> <!-- tests.LoginTest -->
