<?xml version="1.0" encoding="UTF-8"?>
<!-- Generated by org.testng.reporters.JUnitReportReporter -->
<testsuite hostname="DESKTOP-QNHJ5Q7" name="javaScriptExample.MyntraApp" tests="1" failures="0" timestamp="2 Dec 2022 08:34:29 GMT" time="5.131" errors="0">
  <testcase name="verifyModelTest" time="5.131" classname="javaScriptExample.MyntraApp"/>
</testsuite> <!-- javaScriptExample.MyntraApp -->
