<?xml version="1.0" encoding="UTF-8"?>
<!-- Generated by org.testng.reporters.JUnitReportReporter -->
<testsuite hostname="DESKTOP-QNHJ5Q7" name="controlExample.HandleAlert" tests="3" failures="0" timestamp="30 Nov 2022 07:52:35 GMT" time="21.470" errors="0">
  <testcase name="HandlePrompAlert" time="6.182" classname="controlExample.HandleAlert"/>
  <testcase name="handleSimpleAlert" time="6.112" classname="controlExample.HandleAlert"/>
  <testcase name="handleConfirmAlert" time="9.176" classname="controlExample.HandleAlert"/>
</testsuite> <!-- controlExample.HandleAlert -->
