<?xml version="1.0" encoding="UTF-8"?>
<!-- Generated by org.testng.reporters.JUnitReportReporter -->
<testsuite hostname="DESKTOP-QNHJ5Q7" name="restAssured.GET_LISTUSERSWithParam" tests="3" failures="0" timestamp="20 Dec 2022 06:29:18 GMT" time="1.897" errors="0">
  <testcase name="verifyUniversityTest" time="0.117" classname="restAssured.GET_LISTUSERSWithParam"/>
  <testcase name="verifyUniversityTest" time="1.612" classname="restAssured.GET_LISTUSERSWithParam"/>
  <testcase name="verifyUniversityTest" time="0.168" classname="restAssured.GET_LISTUSERSWithParam"/>
</testsuite> <!-- restAssured.GET_LISTUSERSWithParam -->
