<?xml version="1.0" encoding="UTF-8"?>
<!-- Generated by org.testng.reporters.JUnitReportReporter -->
<testsuite hostname="DESKTOP-QNHJ5Q7" name="restAssured.GetUniversity" tests="1" failures="0" timestamp="19 Dec 2022 09:02:32 GMT" time="2.607" errors="0">
  <testcase name="verifyUniversityTest" time="2.607" classname="restAssured.GetUniversity"/>
</testsuite> <!-- restAssured.GetUniversity -->
