<?xml version="1.0" encoding="UTF-8"?>
<!-- Generated by org.testng.reporters.JUnitReportReporter -->
<testsuite hostname="DESKTOP-QNHJ5Q7" name="restAssured.ExerciseApi2" tests="1" failures="1" timestamp="21 Dec 2022 07:35:38 GMT" time="4.799" errors="0">
  <testcase name="verifyCreateuserTest" time="4.799" classname="restAssured.ExerciseApi2">
    <failure type="java.lang.AssertionError" message="1 expectation failed.
JSON path  doesn&#039;t match.
Expected: RepoName
  Actual: &lt;{id=580688570, node_id=R_kgDOIpyaug, name=RepoName, full_name=DharshiniSaasha/RepoName, private=false, owner={login=DharshiniSaasha, id=120360464, node_id=U_kgDOByyOEA, avatar_url=https://avatars.githubusercontent.com/u/120360464?v=4, gravatar_id=, url=https://api.github.com/users/DharshiniSaasha, html_url=https://github.com/DharshiniSaasha, followers_url=https://api.github.com/users/DharshiniSaasha/followers, following_url=https://api.github.com/users/DharshiniSaasha/following{/other_user}, gists_url=https://api.github.com/users/DharshiniSaasha/gists{/gist_id}, starred_url=https://api.github.com/users/DharshiniSaasha/starred{/owner}{/repo}, subscriptions_url=https://api.github.com/users/DharshiniSaasha/subscriptions, organizations_url=https://api.github.com/users/DharshiniSaasha/orgs, repos_url=https://api.github.com/users/DharshiniSaasha/repos, events_url=https://api.github.com/users/DharshiniSaasha/events{/privacy}, received_events_url=https://api.github.com/users/DharshiniSaasha/received_events, type=User, site_admin=false}, html_url=https://github.com/DharshiniSaasha/RepoName, description=null, fork=false, url=https://api.github.com/repos/DharshiniSaasha/RepoName, forks_url=https://api.github.com/repos/DharshiniSaasha/RepoName/forks, keys_url=https://api.github.com/repos/DharshiniSaasha/RepoName/keys{/key_id}, collaborators_url=https://api.github.com/repos/DharshiniSaasha/RepoName/collaborators{/collaborator}, teams_url=https://api.github.com/repos/DharshiniSaasha/RepoName/teams, hooks_url=https://api.github.com/repos/DharshiniSaasha/RepoName/hooks, issue_events_url=https://api.github.com/repos/DharshiniSaasha/RepoName/issues/events{/number}, events_url=https://api.github.com/repos/DharshiniSaasha/RepoName/events, assignees_url=https://api.github.com/repos/DharshiniSaasha/RepoName/assignees{/user}, branches_url=https://api.github.com/repos/DharshiniSaasha/RepoName/branches{/branch}, tags_url=https://api.github.com/repos/DharshiniSaasha/RepoName/tags, blobs_url=https://api.github.com/repos/DharshiniSaasha/RepoName/git/blobs{/sha}, git_tags_url=https://api.github.com/repos/DharshiniSaasha/RepoName/git/tags{/sha}, git_refs_url=https://api.github.com/repos/DharshiniSaasha/RepoName/git/refs{/sha}, trees_url=https://api.github.com/repos/DharshiniSaasha/RepoName/git/trees{/sha}, statuses_url=https://api.github.com/repos/DharshiniSaasha/RepoName/statuses/{sha}, languages_url=https://api.github.com/repos/DharshiniSaasha/RepoName/languages, stargazers_url=https://api.github.com/repos/DharshiniSaasha/RepoName/stargazers, contributors_url=https://api.github.com/repos/DharshiniSaasha/RepoName/contributors, subscribers_url=https://api.github.com/repos/DharshiniSaasha/RepoName/subscribers, subscription_url=https://api.github.com/repos/DharshiniSaasha/RepoName/subscription, commits_url=https://api.github.com/repos/DharshiniSaasha/RepoName/commits{/sha}, git_commits_url=https://api.github.com/repos/DharshiniSaasha/RepoName/git/commits{/sha}, comments_url=https://api.github.com/repos/DharshiniSaasha/RepoName/comments{/number}, issue_comment_url=https://api.github.com/repos/DharshiniSaasha/RepoName/issues/comments{/number}, contents_url=https://api.github.com/repos/DharshiniSaasha/RepoName/contents/{+path}, compare_url=https://api.github.com/repos/DharshiniSaasha/RepoName/compare/{base}...{head}, merges_url=https://api.github.com/repos/DharshiniSaasha/RepoName/merges, archive_url=https://api.github.com/repos/DharshiniSaasha/RepoName/{archive_format}{/ref}, downloads_url=https://api.github.com/repos/DharshiniSaasha/RepoName/downloads, issues_url=https://api.github.com/repos/DharshiniSaasha/RepoName/issues{/number}, pulls_url=https://api.github.com/repos/DharshiniSaasha/RepoName/pulls{/number}, milestones_url=https://api.github.com/repos/DharshiniSaasha/RepoName/milestones{/number}, notifications_url=https://api.github.com/repos/DharshiniSaasha/RepoName/notifications{?since,all,participating}, labels_url=https://api.github.com/repos/DharshiniSaasha/RepoName/labels{/name}, releases_url=https://api.github.com/repos/DharshiniSaasha/RepoName/releases{/id}, deployments_url=https://api.github.com/repos/DharshiniSaasha/RepoName/deployments, created_at=2022-12-21T07:35:36Z, updated_at=2022-12-21T07:35:36Z, pushed_at=2022-12-21T07:35:36Z, git_url=git://github.com/DharshiniSaasha/RepoName.git, ssh_url=git@github.com:DharshiniSaasha/RepoName.git, clone_url=https://github.com/DharshiniSaasha/RepoName.git, svn_url=https://github.com/DharshiniSaasha/RepoName, homepage=null, size=0, stargazers_count=0, watchers_count=0, language=null, has_issues=true, has_projects=true, has_downloads=true, has_wiki=true, has_pages=false, has_discussions=false, forks_count=0, mirror_url=null, archived=false, disabled=false, open_issues_count=0, license=null, allow_forking=true, is_template=false, web_commit_signoff_required=false, topics=[], visibility=public, forks=0, open_issues=0, watchers=0, default_branch=main, permissions={admin=true, maintain=true, push=true, triage=true, pull=true}, allow_squash_merge=true, allow_merge_commit=true, allow_rebase_merge=true, allow_auto_merge=false, delete_branch_on_merge=false, allow_update_branch=false, use_squash_pr_title_as_default=false, squash_merge_commit_message=COMMIT_MESSAGES, squash_merge_commit_title=COMMIT_OR_PR_TITLE, merge_commit_message=PR_TITLE, merge_commit_title=MERGE_MESSAGE, network_count=0, subscribers_count=0}&gt;
">
      <![CDATA[java.lang.AssertionError: 1 expectation failed.
JSON path  doesn't match.
Expected: RepoName
  Actual: <{id=580688570, node_id=R_kgDOIpyaug, name=RepoName, full_name=DharshiniSaasha/RepoName, private=false, owner={login=DharshiniSaasha, id=120360464, node_id=U_kgDOByyOEA, avatar_url=https://avatars.githubusercontent.com/u/120360464?v=4, gravatar_id=, url=https://api.github.com/users/DharshiniSaasha, html_url=https://github.com/DharshiniSaasha, followers_url=https://api.github.com/users/DharshiniSaasha/followers, following_url=https://api.github.com/users/DharshiniSaasha/following{/other_user}, gists_url=https://api.github.com/users/DharshiniSaasha/gists{/gist_id}, starred_url=https://api.github.com/users/DharshiniSaasha/starred{/owner}{/repo}, subscriptions_url=https://api.github.com/users/DharshiniSaasha/subscriptions, organizations_url=https://api.github.com/users/DharshiniSaasha/orgs, repos_url=https://api.github.com/users/DharshiniSaasha/repos, events_url=https://api.github.com/users/DharshiniSaasha/events{/privacy}, received_events_url=https://api.github.com/users/DharshiniSaasha/received_events, type=User, site_admin=false}, html_url=https://github.com/DharshiniSaasha/RepoName, description=null, fork=false, url=https://api.github.com/repos/DharshiniSaasha/RepoName, forks_url=https://api.github.com/repos/DharshiniSaasha/RepoName/forks, keys_url=https://api.github.com/repos/DharshiniSaasha/RepoName/keys{/key_id}, collaborators_url=https://api.github.com/repos/DharshiniSaasha/RepoName/collaborators{/collaborator}, teams_url=https://api.github.com/repos/DharshiniSaasha/RepoName/teams, hooks_url=https://api.github.com/repos/DharshiniSaasha/RepoName/hooks, issue_events_url=https://api.github.com/repos/DharshiniSaasha/RepoName/issues/events{/number}, events_url=https://api.github.com/repos/DharshiniSaasha/RepoName/events, assignees_url=https://api.github.com/repos/DharshiniSaasha/RepoName/assignees{/user}, branches_url=https://api.github.com/repos/DharshiniSaasha/RepoName/branches{/branch}, tags_url=https://api.github.com/repos/DharshiniSaasha/RepoName/tags, blobs_url=https://api.github.com/repos/DharshiniSaasha/RepoName/git/blobs{/sha}, git_tags_url=https://api.github.com/repos/DharshiniSaasha/RepoName/git/tags{/sha}, git_refs_url=https://api.github.com/repos/DharshiniSaasha/RepoName/git/refs{/sha}, trees_url=https://api.github.com/repos/DharshiniSaasha/RepoName/git/trees{/sha}, statuses_url=https://api.github.com/repos/DharshiniSaasha/RepoName/statuses/{sha}, languages_url=https://api.github.com/repos/DharshiniSaasha/RepoName/languages, stargazers_url=https://api.github.com/repos/DharshiniSaasha/RepoName/stargazers, contributors_url=https://api.github.com/repos/DharshiniSaasha/RepoName/contributors, subscribers_url=https://api.github.com/repos/DharshiniSaasha/RepoName/subscribers, subscription_url=https://api.github.com/repos/DharshiniSaasha/RepoName/subscription, commits_url=https://api.github.com/repos/DharshiniSaasha/RepoName/commits{/sha}, git_commits_url=https://api.github.com/repos/DharshiniSaasha/RepoName/git/commits{/sha}, comments_url=https://api.github.com/repos/DharshiniSaasha/RepoName/comments{/number}, issue_comment_url=https://api.github.com/repos/DharshiniSaasha/RepoName/issues/comments{/number}, contents_url=https://api.github.com/repos/DharshiniSaasha/RepoName/contents/{+path}, compare_url=https://api.github.com/repos/DharshiniSaasha/RepoName/compare/{base}...{head}, merges_url=https://api.github.com/repos/DharshiniSaasha/RepoName/merges, archive_url=https://api.github.com/repos/DharshiniSaasha/RepoName/{archive_format}{/ref}, downloads_url=https://api.github.com/repos/DharshiniSaasha/RepoName/downloads, issues_url=https://api.github.com/repos/DharshiniSaasha/RepoName/issues{/number}, pulls_url=https://api.github.com/repos/DharshiniSaasha/RepoName/pulls{/number}, milestones_url=https://api.github.com/repos/DharshiniSaasha/RepoName/milestones{/number}, notifications_url=https://api.github.com/repos/DharshiniSaasha/RepoName/notifications{?since,all,participating}, labels_url=https://api.github.com/repos/DharshiniSaasha/RepoName/labels{/name}, releases_url=https://api.github.com/repos/DharshiniSaasha/RepoName/releases{/id}, deployments_url=https://api.github.com/repos/DharshiniSaasha/RepoName/deployments, created_at=2022-12-21T07:35:36Z, updated_at=2022-12-21T07:35:36Z, pushed_at=2022-12-21T07:35:36Z, git_url=git://github.com/DharshiniSaasha/RepoName.git, ssh_url=git@github.com:DharshiniSaasha/RepoName.git, clone_url=https://github.com/DharshiniSaasha/RepoName.git, svn_url=https://github.com/DharshiniSaasha/RepoName, homepage=null, size=0, stargazers_count=0, watchers_count=0, language=null, has_issues=true, has_projects=true, has_downloads=true, has_wiki=true, has_pages=false, has_discussions=false, forks_count=0, mirror_url=null, archived=false, disabled=false, open_issues_count=0, license=null, allow_forking=true, is_template=false, web_commit_signoff_required=false, topics=[], visibility=public, forks=0, open_issues=0, watchers=0, default_branch=main, permissions={admin=true, maintain=true, push=true, triage=true, pull=true}, allow_squash_merge=true, allow_merge_commit=true, allow_rebase_merge=true, allow_auto_merge=false, delete_branch_on_merge=false, allow_update_branch=false, use_squash_pr_title_as_default=false, squash_merge_commit_message=COMMIT_MESSAGES, squash_merge_commit_title=COMMIT_OR_PR_TITLE, merge_commit_message=PR_TITLE, merge_commit_title=MERGE_MESSAGE, network_count=0, subscribers_count=0}>

	at sun.reflect.NativeConstructorAccessorImpl.newInstance0(Native Method)
	at sun.reflect.NativeConstructorAccessorImpl.newInstance(Unknown Source)
	at sun.reflect.DelegatingConstructorAccessorImpl.newInstance(Unknown Source)
	at java.lang.reflect.Constructor.newInstance(Unknown Source)
	at org.codehaus.groovy.reflection.CachedConstructor.invoke(CachedConstructor.java:73)
	at org.codehaus.groovy.reflection.CachedConstructor.doConstructorInvoke(CachedConstructor.java:60)
	at org.codehaus.groovy.runtime.callsite.ConstructorSite$ConstructorSiteNoUnwrap.callConstructor(ConstructorSite.java:86)
	at org.codehaus.groovy.runtime.callsite.CallSiteArray.defaultCallConstructor(CallSiteArray.java:57)
	at org.codehaus.groovy.runtime.callsite.AbstractCallSite.callConstructor(AbstractCallSite.java:263)
	at org.codehaus.groovy.runtime.callsite.AbstractCallSite.callConstructor(AbstractCallSite.java:277)
	at io.restassured.internal.ResponseSpecificationImpl$HamcrestAssertionClosure.validate(ResponseSpecificationImpl.groovy:512)
	at io.restassured.internal.ResponseSpecificationImpl$HamcrestAssertionClosure$validate$1.call(Unknown Source)
	at io.restassured.internal.ResponseSpecificationImpl.validateResponseIfRequired(ResponseSpecificationImpl.groovy:696)
	at io.restassured.internal.ResponseSpecificationImpl.this$2$validateResponseIfRequired(ResponseSpecificationImpl.groovy)
	at sun.reflect.NativeMethodAccessorImpl.invoke0(Native Method)
	at sun.reflect.NativeMethodAccessorImpl.invoke(Unknown Source)
	at sun.reflect.DelegatingMethodAccessorImpl.invoke(Unknown Source)
	at java.lang.reflect.Method.invoke(Unknown Source)
	at org.codehaus.groovy.runtime.callsite.PlainObjectMetaMethodSite.doInvoke(PlainObjectMetaMethodSite.java:43)
	at org.codehaus.groovy.runtime.callsite.PogoMetaMethodSite$PogoCachedMethodSiteNoUnwrapNoCoerce.invoke(PogoMetaMethodSite.java:198)
	at org.codehaus.groovy.runtime.callsite.PogoMetaMethodSite.callCurrent(PogoMetaMethodSite.java:62)
	at org.codehaus.groovy.runtime.callsite.CallSiteArray.defaultCallCurrent(CallSiteArray.java:49)
	at org.codehaus.groovy.runtime.callsite.AbstractCallSite.callCurrent(AbstractCallSite.java:171)
	at org.codehaus.groovy.runtime.callsite.AbstractCallSite.callCurrent(AbstractCallSite.java:185)
	at io.restassured.internal.ResponseSpecificationImpl.body(ResponseSpecificationImpl.groovy:270)
	at io.restassured.specification.ResponseSpecification$body$1.callCurrent(Unknown Source)
	at org.codehaus.groovy.runtime.callsite.CallSiteArray.defaultCallCurrent(CallSiteArray.java:49)
	at org.codehaus.groovy.runtime.callsite.AbstractCallSite.callCurrent(AbstractCallSite.java:171)
	at org.codehaus.groovy.runtime.callsite.AbstractCallSite.callCurrent(AbstractCallSite.java:212)
	at io.restassured.internal.ResponseSpecificationImpl.body(ResponseSpecificationImpl.groovy:117)
	at io.restassured.internal.ValidatableResponseOptionsImpl.body(ValidatableResponseOptionsImpl.java:244)
	at restAssured.ExerciseApi2.verifyCreateuserTest(ExerciseApi2.java:91)
	at sun.reflect.NativeMethodAccessorImpl.invoke0(Native Method)
	at sun.reflect.NativeMethodAccessorImpl.invoke(Unknown Source)
	at sun.reflect.DelegatingMethodAccessorImpl.invoke(Unknown Source)
	at java.lang.reflect.Method.invoke(Unknown Source)
	at org.testng.internal.MethodInvocationHelper.invokeMethod(MethodInvocationHelper.java:86)
	at org.testng.internal.Invoker.invokeMethod(Invoker.java:645)
	at org.testng.internal.Invoker.invokeTestMethod(Invoker.java:822)
	at org.testng.internal.Invoker.invokeTestMethods(Invoker.java:1130)
	at org.testng.internal.TestMethodWorker.invokeTestMethods(TestMethodWorker.java:129)
	at org.testng.internal.TestMethodWorker.run(TestMethodWorker.java:112)
	at org.testng.TestRunner.privateRun(TestRunner.java:782)
	at org.testng.TestRunner.run(TestRunner.java:632)
	at org.testng.SuiteRunner.runTest(SuiteRunner.java:366)
	at org.testng.SuiteRunner.runSequentially(SuiteRunner.java:361)
	at org.testng.SuiteRunner.privateRun(SuiteRunner.java:319)
	at org.testng.SuiteRunner.run(SuiteRunner.java:268)
	at org.testng.SuiteRunnerWorker.runSuite(SuiteRunnerWorker.java:52)
	at org.testng.SuiteRunnerWorker.run(SuiteRunnerWorker.java:86)
	at org.testng.TestNG.runSuitesSequentially(TestNG.java:1244)
	at org.testng.TestNG.runSuitesLocally(TestNG.java:1169)
	at org.testng.TestNG.run(TestNG.java:1064)
	at org.testng.remote.RemoteTestNG.run(RemoteTestNG.java:113)
	at org.testng.remote.RemoteTestNG.initAndRun(RemoteTestNG.java:206)
	at org.testng.remote.RemoteTestNG.main(RemoteTestNG.java:177)
]]>
    </failure>
  </testcase> <!-- verifyCreateuserTest -->
</testsuite> <!-- restAssured.ExerciseApi2 -->
