<?xml version="1.0" encoding="UTF-8"?>
<!-- Generated by org.testng.reporters.JUnitReportReporter -->
<testsuite hostname="DESKTOP-QNHJ5Q7" name="javaScriptExample.ModeExample" tests="1" failures="0" timestamp="2 Dec 2022 08:31:08 GMT" time="10.239" errors="0">
  <testcase name="verifyModelTest" time="10.239" classname="javaScriptExample.ModeExample"/>
</testsuite> <!-- javaScriptExample.ModeExample -->
