<?xml version="1.0" encoding="UTF-8"?>
<!-- Generated by org.testng.reporters.JUnitReportReporter -->
<testsuite hostname="DESKTOP-QNHJ5Q7" name="restAssured.ExerciseApi" tests="1" failures="0" timestamp="21 Dec 2022 07:37:45 GMT" time="6.109" errors="0">
  <testcase name="verifyCreateuserTest" time="6.109" classname="restAssured.ExerciseApi"/>
</testsuite> <!-- restAssured.ExerciseApi -->
