<?xml version="1.0" encoding="UTF-8"?>
<!-- Generated by org.testng.reporters.JUnitReportReporter -->
<testsuite hostname="DESKTOP-QNHJ5Q7" name="restAssured.PUT_UpdateUSERS_APITest" tests="3" failures="0" timestamp="20 Dec 2022 07:14:49 GMT" time="12.959" errors="0">
  <testcase name="verifyListUserTest" time="3.530" classname="restAssured.PUT_UpdateUSERS_APITest"/>
  <testcase name="verifyListUserTest" time="3.534" classname="restAssured.PUT_UpdateUSERS_APITest"/>
  <testcase name="verifyListUserTest" time="5.895" classname="restAssured.PUT_UpdateUSERS_APITest"/>
</testsuite> <!-- restAssured.PUT_UpdateUSERS_APITest -->
