<?xml version="1.0" encoding="UTF-8"?>
<!-- Generated by org.testng.reporters.JUnitReportReporter -->
<testsuite hostname="DESKTOP-QNHJ5Q7" name="nopCommerceApp.LoginTest" tests="1" failures="0" timestamp="29 Nov 2022 09:39:00 GMT" time="12.724" errors="0">
  <testcase name="verifyLogin" time="12.724" classname="nopCommerceApp.LoginTest"/>
</testsuite> <!-- nopCommerceApp.LoginTest -->
