<?xml version="1.0" encoding="UTF-8"?>
<!-- Generated by org.testng.reporters.JUnitReportReporter -->
<testsuite hostname="DESKTOP-QNHJ5Q7" name="javaScriptExample.HighLight_elements" tests="1" failures="0" timestamp="2 Dec 2022 08:26:25 GMT" time="4.193" errors="0">
  <testcase name="Text" time="4.193" classname="javaScriptExample.HighLight_elements"/>
</testsuite> <!-- javaScriptExample.HighLight_elements -->
