<?xml version="1.0" encoding="UTF-8"?>
<!-- Generated by org.testng.reporters.JUnitReportReporter -->
<testsuite hostname="DESKTOP-QNHJ5Q7" name="actionExample.RightClickDoubleClickTest" tests="1" failures="0" timestamp="2 Dec 2022 06:34:14 GMT" time="0.245" errors="0">
  <testcase name="verifyDoubleClickTest" time="0.245" classname="actionExample.RightClickDoubleClickTest"/>
</testsuite> <!-- actionExample.RightClickDoubleClickTest -->
