<?xml version="1.0" encoding="UTF-8"?>
<!-- Generated by org.testng.reporters.JUnitReportReporter -->
<testsuite hostname="DESKTOP-QNHJ5Q7" name="extentReportExample.GoogleTest" tests="2" failures="0" timestamp="6 Dec 2022 20:53:28 GMT" time="0.014" errors="0">
  <testcase name="verifyApplicationTitle" time="0.000" classname="extentReportExample.GoogleTest"/>
  <testcase name="verifyApplicationLogo" time="0.014" classname="extentReportExample.GoogleTest"/>
</testsuite> <!-- extentReportExample.GoogleTest -->
