<?xml version="1.0" encoding="UTF-8"?>
<!-- Generated by org.testng.reporters.JUnitReportReporter -->
<testsuite skipped="0" hostname="DESKTOP-QNHJ5Q7" name="ddtNopCom.NOPCommLoginTest" tests="4" failures="0" timestamp="2022-12-11T21:55:27 PST" time="40.008" errors="0">
  <testcase name="verifyLoginWithInValidUser" time="10.596" classname="ddtNopCom.NOPCommLoginTest"/>
  <testcase name="verifyLoginWithInValidUser" time="9.844" classname="ddtNopCom.NOPCommLoginTest"/>
  <testcase name="verifyLoginWithInValidUser" time="9.778" classname="ddtNopCom.NOPCommLoginTest"/>
  <testcase name="verifyLoginWithInValidUser" time="9.790" classname="ddtNopCom.NOPCommLoginTest"/>
</testsuite> <!-- ddtNopCom.NOPCommLoginTest -->
