<?xml version="1.0" encoding="UTF-8"?>
<!-- Generated by org.testng.reporters.JUnitReportReporter -->
<testsuite skipped="0" hostname="DESKTOP-QNHJ5Q7" name="nopCommerceAppExample.LoginTest" tests="1" failures="0" timestamp="2022-12-04T23:07:59 PST" time="21.203" errors="0">
  <testcase name="verifyLogin" time="21.203" classname="nopCommerceAppExample.LoginTest"/>
</testsuite> <!-- nopCommerceAppExample.LoginTest -->
